2017-04-18 14:42:52 =SUPERVISOR REPORT====
     Supervisor: {local,partisan_pool}
     Context:    shutdown_error
     Reason:     noproc
     Offender:   [{pid,1},{id,{partisan_peer_service_server,undefined,undefined,undefined}},{mfargs,{partisan_peer_service_server,acceptor_init,undefined}},{restart_type,temporary},{shutdown,5000},{child_type,worker}]

2017-04-18 15:47:28 =SUPERVISOR REPORT====
     Supervisor: {local,partisan_pool}
     Context:    shutdown_error
     Reason:     noproc
     Offender:   [{pid,1},{id,{partisan_peer_service_server,undefined,undefined,undefined}},{mfargs,{partisan_peer_service_server,acceptor_init,undefined}},{restart_type,temporary},{shutdown,5000},{child_type,worker}]

2017-04-18 16:17:45 =SUPERVISOR REPORT====
     Supervisor: {local,partisan_pool}
     Context:    shutdown_error
     Reason:     noproc
     Offender:   [{pid,2},{id,{partisan_peer_service_server,undefined,undefined,undefined}},{mfargs,{partisan_peer_service_server,acceptor_init,undefined}},{restart_type,temporary},{shutdown,5000},{child_type,worker}]

2017-04-18 16:32:05 =SUPERVISOR REPORT====
     Supervisor: {local,partisan_pool}
     Context:    shutdown_error
     Reason:     noproc
     Offender:   [{pid,1},{id,{partisan_peer_service_server,undefined,undefined,undefined}},{mfargs,{partisan_peer_service_server,acceptor_init,undefined}},{restart_type,temporary},{shutdown,5000},{child_type,worker}]

